2024/11/26 13:10:35 [main] INFO  org.hibernate.Version - HHH000412: Hibernate ORM core version 6.6.1.Final
2024/11/26 13:10:35 [main] INFO  org.hibernate.cache.internal.RegionFactoryInitiator - HHH000026: Second-level cache disabled
2024/11/26 13:10:36 [main] WARN  org.hibernate.orm.connections.pooling - HHH10001002: Using built-in connection pool (not intended for production use)
2024/11/26 13:10:37 [main] WARN  org.hibernate.orm.deprecation - HHH90000025: MySQLDialect does not need to be specified explicitly using 'hibernate.dialect' (remove the property setting and it will be selected by default)
2024/11/26 13:10:37 [main] INFO  org.hibernate.orm.connections.pooling - HHH10001005: Database info:
	Database JDBC URL [jdbc:mysql://localhost:3308/acda_ut3_examen]
	Database driver: com.mysql.cj.jdbc.Driver
	Database version: 8.0.40
	Autocommit mode: false
	Isolation level: undefined/unknown
	Minimum pool size: 1
	Maximum pool size: 20
2024/11/26 13:11:28 [main] INFO  org.hibernate.Version - HHH000412: Hibernate ORM core version 6.6.1.Final
2024/11/26 13:11:29 [main] INFO  org.hibernate.cache.internal.RegionFactoryInitiator - HHH000026: Second-level cache disabled
2024/11/26 13:11:29 [main] WARN  org.hibernate.orm.connections.pooling - HHH10001002: Using built-in connection pool (not intended for production use)
2024/11/26 13:11:30 [main] WARN  org.hibernate.orm.deprecation - HHH90000025: MySQLDialect does not need to be specified explicitly using 'hibernate.dialect' (remove the property setting and it will be selected by default)
2024/11/26 13:11:30 [main] INFO  org.hibernate.orm.connections.pooling - HHH10001005: Database info:
	Database JDBC URL [jdbc:mysql://localhost:3308/acda_ut3_examen]
	Database driver: com.mysql.cj.jdbc.Driver
	Database version: 8.0.40
	Autocommit mode: false
	Isolation level: undefined/unknown
	Minimum pool size: 1
	Maximum pool size: 20
2024/11/26 13:12:02 [main] INFO  org.hibernate.Version - HHH000412: Hibernate ORM core version 6.6.1.Final
2024/11/26 13:12:02 [main] INFO  org.hibernate.cache.internal.RegionFactoryInitiator - HHH000026: Second-level cache disabled
2024/11/26 13:12:02 [main] WARN  org.hibernate.orm.connections.pooling - HHH10001002: Using built-in connection pool (not intended for production use)
2024/11/26 13:12:03 [main] WARN  org.hibernate.orm.deprecation - HHH90000025: MySQLDialect does not need to be specified explicitly using 'hibernate.dialect' (remove the property setting and it will be selected by default)
2024/11/26 13:12:03 [main] INFO  org.hibernate.orm.connections.pooling - HHH10001005: Database info:
	Database JDBC URL [jdbc:mysql://localhost:3308/acda_ut3_examen]
	Database driver: com.mysql.cj.jdbc.Driver
	Database version: 8.0.40
	Autocommit mode: false
	Isolation level: undefined/unknown
	Minimum pool size: 1
	Maximum pool size: 20
2024/11/26 13:12:29 [main] INFO  org.hibernate.Version - HHH000412: Hibernate ORM core version 6.6.1.Final
2024/11/26 13:12:30 [main] INFO  org.hibernate.cache.internal.RegionFactoryInitiator - HHH000026: Second-level cache disabled
2024/11/26 13:12:30 [main] WARN  org.hibernate.orm.connections.pooling - HHH10001002: Using built-in connection pool (not intended for production use)
2024/11/26 13:12:31 [main] WARN  org.hibernate.orm.deprecation - HHH90000025: MySQLDialect does not need to be specified explicitly using 'hibernate.dialect' (remove the property setting and it will be selected by default)
2024/11/26 13:12:31 [main] INFO  org.hibernate.orm.connections.pooling - HHH10001005: Database info:
	Database JDBC URL [jdbc:mysql://localhost:3308/acda_ut3_examen]
	Database driver: com.mysql.cj.jdbc.Driver
	Database version: 8.0.40
	Autocommit mode: false
	Isolation level: undefined/unknown
	Minimum pool size: 1
	Maximum pool size: 20
2024/11/26 13:12:32 [main] INFO  org.hibernate.validator.internal.util.Version - HV000001: Hibernate Validator 8.0.1.Final
